<?xml version="1.0" encoding="UTF-8"?>
<!-- Generated by org.testng.reporters.JUnitXMLReporter -->
<testsuite ignored="4" hostname="DESKTOP-799KKK6" failures="0" tests="4" name="Surefire test" time="13.692" errors="0" timestamp="2026-01-22T12:13:48 IST">
  <testcase classname="tests.brwserlaunch.FoodAppTest" name="SwiggyTest" time="4.095"/>
  <testcase classname="tests.brwserlaunch.SocilaMediaTest" name="facebookTest" time="5.018"/>
  <testcase classname="tests.brwserlaunch.JavaIdeTest" name="eclipseTest" time="6.679"/>
  <testcase classname="tests.brwserlaunch.ECommerceTest" name="amazonTest" time="8.078"/>
  <testcase classname="tests.brwserlaunch.FoodAppTest" name="ZomatoTest" time="0.0">
    <ignored/>
  </testcase> <!-- ZomatoTest -->
  <testcase classname="tests.brwserlaunch.ECommerceTest" name="flipkartTest" time="0.0">
    <ignored/>
  </testcase> <!-- flipkartTest -->
  <testcase classname="tests.brwserlaunch.SocilaMediaTest" name="instagramTest" time="0.0">
    <ignored/>
  </testcase> <!-- instagramTest -->
  <testcase classname="tests.brwserlaunch.JavaIdeTest" name="jetBrainsTest" time="0.0">
    <ignored/>
  </testcase> <!-- jetBrainsTest -->
</testsuite> <!-- Surefire test -->
