<?xml version="1.0" encoding="UTF-8"?>
<!-- Generated by org.testng.reporters.JUnitXMLReporter -->
<testsuite ignored="0" hostname="DESKTOP-799KKK6" failures="0" tests="4" name="Default test" time="18.268" errors="0" timestamp="2026-01-21T14:19:01 IST">
  <testcase classname="tests.brwserlaunch.FoodAppTest" name="SwiggyTest" time="2.638"/>
  <testcase classname="tests.brwserlaunch.SocilaMediaTest" name="facebookTest" time="2.672"/>
  <testcase classname="tests.brwserlaunch.ECommerceTest" name="amazonTest" time="2.557"/>
  <testcase classname="tests.brwserlaunch.JavaIdeTest" name="eclipseTest" time="6.031"/>
</testsuite> <!-- Default test -->
