<?xml version="1.0" encoding="UTF-8"?>
<testng-results ignored="0" total="4" passed="4" failed="0" skipped="0">
  <reporter-output>
  </reporter-output>
  <suite started-at="2026-01-22T12:13:34 IST" name="Surefire suite" finished-at="2026-01-22T12:13:48 IST" duration-ms="13692">
    <groups>
      <group name="Regression">
        <method signature="ECommerceTest.amazonTest()[pri:0, instance:tests.brwserlaunch.ECommerceTest@7f552bd3]" name="amazonTest" class="tests.brwserlaunch.ECommerceTest"/>
        <method signature="FoodAppTest.SwiggyTest()[pri:0, instance:tests.brwserlaunch.FoodAppTest@72a7c7e0]" name="SwiggyTest" class="tests.brwserlaunch.FoodAppTest"/>
        <method signature="JavaIdeTest.eclipseTest()[pri:0, instance:tests.brwserlaunch.JavaIdeTest@2e4b8173]" name="eclipseTest" class="tests.brwserlaunch.JavaIdeTest"/>
        <method signature="SocilaMediaTest.facebookTest()[pri:0, instance:tests.brwserlaunch.SocilaMediaTest@70e8f8e]" name="facebookTest" class="tests.brwserlaunch.SocilaMediaTest"/>
      </group> <!-- Regression -->
      <group name="Smoke">
        <method signature="ECommerceTest.amazonTest()[pri:0, instance:tests.brwserlaunch.ECommerceTest@7f552bd3]" name="amazonTest" class="tests.brwserlaunch.ECommerceTest"/>
        <method signature="FoodAppTest.SwiggyTest()[pri:0, instance:tests.brwserlaunch.FoodAppTest@72a7c7e0]" name="SwiggyTest" class="tests.brwserlaunch.FoodAppTest"/>
        <method signature="JavaIdeTest.eclipseTest()[pri:0, instance:tests.brwserlaunch.JavaIdeTest@2e4b8173]" name="eclipseTest" class="tests.brwserlaunch.JavaIdeTest"/>
        <method signature="SocilaMediaTest.facebookTest()[pri:0, instance:tests.brwserlaunch.SocilaMediaTest@70e8f8e]" name="facebookTest" class="tests.brwserlaunch.SocilaMediaTest"/>
      </group> <!-- Smoke -->
    </groups>
    <test started-at="2026-01-22T12:13:34 IST" name="Surefire test" finished-at="2026-01-22T12:13:48 IST" duration-ms="13692">
      <class name="tests.brwserlaunch.SocilaMediaTest">
        <test-method is-config="true" signature="beforeMethod(java.lang.String)[pri:0, instance:tests.brwserlaunch.SocilaMediaTest@70e8f8e]" started-at="2026-01-22T12:13:34 IST" name="beforeMethod" finished-at="2026-01-22T12:13:39 IST" duration-ms="4579" status="PASS">
          <params>
            <param index="0">
              <value>
                <![CDATA[msedge]]>
              </value>
            </param>
          </params>
          <reporter-output>
          </reporter-output>
        </test-method> <!-- beforeMethod -->
        <test-method signature="facebookTest()[pri:0, instance:tests.brwserlaunch.SocilaMediaTest@70e8f8e]" started-at="2026-01-22T12:13:39 IST" name="facebookTest" finished-at="2026-01-22T12:13:44 IST" duration-ms="5018" status="PASS">
          <reporter-output>
          </reporter-output>
        </test-method> <!-- facebookTest -->
        <test-method is-config="true" signature="afterMethod()[pri:0, instance:tests.brwserlaunch.SocilaMediaTest@70e8f8e]" started-at="2026-01-22T12:13:44 IST" name="afterMethod" finished-at="2026-01-22T12:13:46 IST" duration-ms="2462" status="PASS">
          <reporter-output>
          </reporter-output>
        </test-method> <!-- afterMethod -->
      </class> <!-- tests.brwserlaunch.SocilaMediaTest -->
      <class name="tests.brwserlaunch.ECommerceTest">
        <test-method is-config="true" signature="beforeMethod(java.lang.String)[pri:0, instance:tests.brwserlaunch.ECommerceTest@7f552bd3]" started-at="2026-01-22T12:13:34 IST" name="beforeMethod" finished-at="2026-01-22T12:13:39 IST" duration-ms="4579" status="PASS">
          <params>
            <param index="0">
              <value>
                <![CDATA[msedge]]>
              </value>
            </param>
          </params>
          <reporter-output>
          </reporter-output>
        </test-method> <!-- beforeMethod -->
        <test-method signature="amazonTest()[pri:0, instance:tests.brwserlaunch.ECommerceTest@7f552bd3]" started-at="2026-01-22T12:13:39 IST" name="amazonTest" finished-at="2026-01-22T12:13:47 IST" duration-ms="8078" status="PASS">
          <reporter-output>
          </reporter-output>
        </test-method> <!-- amazonTest -->
        <test-method is-config="true" signature="afterMethod()[pri:0, instance:tests.brwserlaunch.ECommerceTest@7f552bd3]" started-at="2026-01-22T12:13:47 IST" name="afterMethod" finished-at="2026-01-22T12:13:48 IST" duration-ms="795" status="PASS">
          <reporter-output>
          </reporter-output>
        </test-method> <!-- afterMethod -->
      </class> <!-- tests.brwserlaunch.ECommerceTest -->
      <class name="tests.brwserlaunch.JavaIdeTest">
        <test-method is-config="true" signature="beforeMethod(java.lang.String)[pri:0, instance:tests.brwserlaunch.JavaIdeTest@2e4b8173]" started-at="2026-01-22T12:13:34 IST" name="beforeMethod" finished-at="2026-01-22T12:13:38 IST" duration-ms="3752" status="PASS">
          <params>
            <param index="0">
              <value>
                <![CDATA[msedge]]>
              </value>
            </param>
          </params>
          <reporter-output>
          </reporter-output>
        </test-method> <!-- beforeMethod -->
        <test-method signature="eclipseTest()[pri:0, instance:tests.brwserlaunch.JavaIdeTest@2e4b8173]" started-at="2026-01-22T12:13:38 IST" name="eclipseTest" finished-at="2026-01-22T12:13:45 IST" duration-ms="6679" status="PASS">
          <reporter-output>
          </reporter-output>
        </test-method> <!-- eclipseTest -->
        <test-method is-config="true" signature="afterMethod()[pri:0, instance:tests.brwserlaunch.JavaIdeTest@2e4b8173]" started-at="2026-01-22T12:13:45 IST" name="afterMethod" finished-at="2026-01-22T12:13:47 IST" duration-ms="1674" status="PASS">
          <reporter-output>
          </reporter-output>
        </test-method> <!-- afterMethod -->
      </class> <!-- tests.brwserlaunch.JavaIdeTest -->
      <class name="tests.brwserlaunch.FoodAppTest">
        <test-method is-config="true" signature="beforeMethod(java.lang.String)[pri:0, instance:tests.brwserlaunch.FoodAppTest@72a7c7e0]" started-at="2026-01-22T12:13:34 IST" name="beforeMethod" finished-at="2026-01-22T12:13:38 IST" duration-ms="3848" status="PASS">
          <params>
            <param index="0">
              <value>
                <![CDATA[msedge]]>
              </value>
            </param>
          </params>
          <reporter-output>
          </reporter-output>
        </test-method> <!-- beforeMethod -->
        <test-method signature="SwiggyTest()[pri:0, instance:tests.brwserlaunch.FoodAppTest@72a7c7e0]" started-at="2026-01-22T12:13:38 IST" name="SwiggyTest" finished-at="2026-01-22T12:13:42 IST" duration-ms="4095" status="PASS">
          <reporter-output>
          </reporter-output>
        </test-method> <!-- SwiggyTest -->
        <test-method is-config="true" signature="afterMethod()[pri:0, instance:tests.brwserlaunch.FoodAppTest@72a7c7e0]" started-at="2026-01-22T12:13:43 IST" name="afterMethod" finished-at="2026-01-22T12:13:47 IST" duration-ms="3781" status="PASS">
          <reporter-output>
          </reporter-output>
        </test-method> <!-- afterMethod -->
      </class> <!-- tests.brwserlaunch.FoodAppTest -->
    </test> <!-- Surefire test -->
  </suite> <!-- Surefire suite -->
</testng-results>
